


ARM Macro Assembler    Page 1 


    1 00000000                 AREA             RESET, DATA, READONLY
    2 00000000                 EXPORT           __Vectors
    3 00000000         
    4 00000000         __Vectors
    5 00000000 10001000        DCD              0x10001000
    6 00000004 00000000        DCD              Reset_Handler
    7 00000008                 ALIGN
    8 00000008                 AREA             mycode, CODE, READONLY
    9 00000000                 ENTRY
   10 00000000                 EXPORT           Reset_Handler
   11 00000000         
   12 00000000         Reset_Handler
   13 00000000 4909            LDR              R1, =NUMS
   14 00000002 4D0A            LDR              R5, =RESULT
   15 00000004 F851 6B04       LDR              R6, [R1], #4
   16 00000008 680F            LDR              R7, [R1]
   17 0000000A FBA6 3407       UMULL            R3, R4, R6, R7
   18 0000000E F845 4B04       STR              R4, [R5], #4
   19 00000012 F845 3B04       STR              R3, [R5], #4
   20 00000016 FB06 F307       MUL              R3, R6, R7
   21 0000001A 602B            STR              R3, [R5]
   22 0000001C         STOP
   23 0000001C E7FE            B                STOP
   24 0000001E         
   25 0000001E 00 00 00000007 
              0000001F NUMS    DCD              7, 31
   26 00000028 00000000 
              00000000         AREA             data, DATA, READWRITE
   27 00000000 00000000 
                       RESULT  DCD              0
   28 00000004                 END
Command Line: --debug --xref --cpu=Cortex-M3 --apcs=interwork --depend=.\multip
ly.d -o.\multiply.o -IC:\Keil\ARM\RV31\INC -IC:\Keil\ARM\CMSIS\Include -IC:\Kei
l\ARM\Inc\NXP\LPC17xx --predefine="__EVAL SETA 1" --list=.\multiply.lst multipl
y.s



ARM Macro Assembler    Page 1 Alphabetic symbol ordering
Relocatable symbols

RESET 00000000

Symbol: RESET
   Definitions
      At line 1 in file multiply.s
   Uses
      None
Comment: RESET unused
__Vectors 00000000

Symbol: __Vectors
   Definitions
      At line 4 in file multiply.s
   Uses
      At line 2 in file multiply.s
Comment: __Vectors used once
2 symbols



ARM Macro Assembler    Page 1 Alphabetic symbol ordering
Relocatable symbols

NUMS 00000020

Symbol: NUMS
   Definitions
      At line 25 in file multiply.s
   Uses
      At line 13 in file multiply.s
Comment: NUMS used once
Reset_Handler 00000000

Symbol: Reset_Handler
   Definitions
      At line 12 in file multiply.s
   Uses
      At line 6 in file multiply.s
      At line 10 in file multiply.s

STOP 0000001C

Symbol: STOP
   Definitions
      At line 22 in file multiply.s
   Uses
      At line 23 in file multiply.s
Comment: STOP used once
mycode 00000000

Symbol: mycode
   Definitions
      At line 8 in file multiply.s
   Uses
      None
Comment: mycode unused
4 symbols



ARM Macro Assembler    Page 1 Alphabetic symbol ordering
Relocatable symbols

RESULT 00000000

Symbol: RESULT
   Definitions
      At line 27 in file multiply.s
   Uses
      At line 14 in file multiply.s
Comment: RESULT used once
data 00000000

Symbol: data
   Definitions
      At line 26 in file multiply.s
   Uses
      None
Comment: data unused
2 symbols
341 symbols in table
