


ARM Macro Assembler    Page 1 


    1 00000000                 AREA             RESET, DATA, READONLY
    2 00000000                 EXPORT           __Vectors
    3 00000000         
    4 00000000         __Vectors
    5 00000000         
    6 00000000 01001000        DCD              0x1001000
    7 00000004 00000000        DCD              Reset_Handler
    8 00000008                 ALIGN
    9 00000008                 AREA             mycode, CODE, READONLY
   10 00000000                 ENTRY
   11 00000000                 EXPORT           Reset_Handler
   12 00000000         
   13 00000000         Reset_Handler
   14 00000000         
   15 00000000 4806            LDR              R0, =src
   16 00000002 4907            LDR              R1, =dst
   17 00000004 F04F 0200       MOV              R2, #0
   18 00000008 6803            LDR              R3, [R0]
   19 0000000A FB03 3203       MLA              R2, R3, R3, R3
   20 0000000E EA4F 0252       LSR              R2, #1
   21 00000012 600A            STR              R2,[R1]
   22 00000014         STOP
   23 00000014 E7FE            B                STOP
   24 00000016 00 00 00000005 
                       src     DCD              5
   25 0000001C 00000000 
              00000000         AREA             mydata, DATA, READWRITE
   26 00000000 00000000 
                       dst     DCD              0
   27 00000004                 END
Command Line: --debug --xref --cpu=Cortex-M3 --apcs=interwork --depend=.\natura
l.d -o.\natural.o -IC:\Keil\ARM\RV31\INC -IC:\Keil\ARM\CMSIS\Include -IC:\Keil\
ARM\Inc\NXP\LPC17xx --predefine="__EVAL SETA 1" --list=.\natural.lst natural.s



ARM Macro Assembler    Page 1 Alphabetic symbol ordering
Relocatable symbols

RESET 00000000

Symbol: RESET
   Definitions
      At line 1 in file natural.s
   Uses
      None
Comment: RESET unused
__Vectors 00000000

Symbol: __Vectors
   Definitions
      At line 4 in file natural.s
   Uses
      At line 2 in file natural.s
Comment: __Vectors used once
2 symbols



ARM Macro Assembler    Page 1 Alphabetic symbol ordering
Relocatable symbols

Reset_Handler 00000000

Symbol: Reset_Handler
   Definitions
      At line 13 in file natural.s
   Uses
      At line 7 in file natural.s
      At line 11 in file natural.s

STOP 00000014

Symbol: STOP
   Definitions
      At line 22 in file natural.s
   Uses
      At line 23 in file natural.s
Comment: STOP used once
mycode 00000000

Symbol: mycode
   Definitions
      At line 9 in file natural.s
   Uses
      None
Comment: mycode unused
src 00000018

Symbol: src
   Definitions
      At line 24 in file natural.s
   Uses
      At line 15 in file natural.s
Comment: src used once
4 symbols



ARM Macro Assembler    Page 1 Alphabetic symbol ordering
Relocatable symbols

dst 00000000

Symbol: dst
   Definitions
      At line 26 in file natural.s
   Uses
      At line 16 in file natural.s
Comment: dst used once
mydata 00000000

Symbol: mydata
   Definitions
      At line 25 in file natural.s
   Uses
      None
Comment: mydata unused
2 symbols
341 symbols in table
