


ARM Macro Assembler    Page 1 


    1 00000000         ; program to convert 32 bit unpacked number to packed fo
                       rm
    2 00000000                 area             reset, data, readonly
    3 00000000                 export           __Vectors
    4 00000000         
    5 00000000         ; renaming regs for ease of writing asm
    6 00000000        0 
                       unpacked_ptr
                               rn               r0
    7 00000000        1 
                       unpacked
                               rn               r1
    8 00000000        2 
                       mask    rn               r2
    9 00000000        3 
                       packed  rn               r3
   10 00000000        4 
                       count   rn               r4
   11 00000000        5 
                       temp    rn               r5
   12 00000000         
   13 00000000         __Vectors
   14 00000000 10001000        dcd              0x10001000
   15 00000004 00000000        dcd              Reset_Handler
   16 00000008                 align
   17 00000008                 area             program, code, readonly
   18 00000000                 entry
   19 00000000                 export           Reset_Handler
   20 00000000         
   21 00000000         Reset_Handler
   22 00000000 480B            ldr              unpacked_ptr, =num
   23 00000002 6801            ldr              unpacked, [unpacked_ptr]
   24 00000004 F04F 020F       mov              mask, #0x0f
   25 00000008 F04F 0300       mov              packed, #0x00
   26 0000000C F04F 0404       mov              count, #0x04
   27 00000010         loop
   28 00000010 EA01 0502       and              temp, unpacked, mask
   29 00000014 EA43 0305       orr              packed, temp
   30 00000018 EA4F 1202       lsl              mask, #4
   31 0000001C         ; 0000 0000 0000 0000 0000 0000 0000 1111 -> 0000 0000 0
                       000 0000 0000 0000 1111 0000 
   32 0000001C EA4F 1111       lsr              unpacked, #4
   33 00000020 1E64            subs             count, count, #1
   34 00000022 D1F5            bne              loop
   35 00000024         store
   36 00000024 4D03            ldr              temp, =res
   37 00000026 602B            str              packed, [temp]
   38 00000028         stop
   39 00000028 E7FE            b                stop
   40 0000002A         
   41 0000002A 00 00 02030709 
                       num     dcd              0x02030709
   42 00000030 00000000 
              00000000         area             result, data, readwrite
   43 00000000 00000000 
                       res     dcd              0
   44 00000004                 end
Command Line: --debug --xref --cpu=Cortex-M3 --apcs=interwork --depend=.\unpack
ed_to_packed.d -o.\unpacked_to_packed.o -IC:\Keil\ARM\RV31\INC -IC:\Keil\ARM\CM



ARM Macro Assembler    Page 2 


SIS\Include -IC:\Keil\ARM\Inc\NXP\LPC17xx --predefine="__EVAL SETA 1" --list=.\
unpacked_to_packed.lst unpacked_to_packed.s



ARM Macro Assembler    Page 1 Alphabetic symbol ordering
Relocatable symbols

__Vectors 00000000

Symbol: __Vectors
   Definitions
      At line 13 in file unpacked_to_packed.s
   Uses
      At line 3 in file unpacked_to_packed.s
Comment: __Vectors used once
reset 00000000

Symbol: reset
   Definitions
      At line 2 in file unpacked_to_packed.s
   Uses
      None
Comment: reset unused
2 symbols



ARM Macro Assembler    Page 1 Alphabetic symbol ordering
Relocatable symbols

Reset_Handler 00000000

Symbol: Reset_Handler
   Definitions
      At line 21 in file unpacked_to_packed.s
   Uses
      At line 15 in file unpacked_to_packed.s
      At line 19 in file unpacked_to_packed.s

loop 00000010

Symbol: loop
   Definitions
      At line 27 in file unpacked_to_packed.s
   Uses
      At line 34 in file unpacked_to_packed.s
Comment: loop used once
num 0000002C

Symbol: num
   Definitions
      At line 41 in file unpacked_to_packed.s
   Uses
      At line 22 in file unpacked_to_packed.s
Comment: num used once
program 00000000

Symbol: program
   Definitions
      At line 17 in file unpacked_to_packed.s
   Uses
      None
Comment: program unused
stop 00000028

Symbol: stop
   Definitions
      At line 38 in file unpacked_to_packed.s
   Uses
      At line 39 in file unpacked_to_packed.s
Comment: stop used once
store 00000024

Symbol: store
   Definitions
      At line 35 in file unpacked_to_packed.s
   Uses
      None
Comment: store unused
6 symbols



ARM Macro Assembler    Page 1 Alphabetic symbol ordering
Relocatable symbols

res 00000000

Symbol: res
   Definitions
      At line 43 in file unpacked_to_packed.s
   Uses
      At line 36 in file unpacked_to_packed.s
Comment: res used once
result 00000000

Symbol: result
   Definitions
      At line 42 in file unpacked_to_packed.s
   Uses
      None
Comment: result unused
2 symbols
349 symbols in table
