#! /usr/bin/vvp
:ivl_version "12.0 (stable)" "(v12_0-dirty)";
:ivl_delay_selection "TYPICAL";
:vpi_time_precision + 0;
:vpi_module "/usr/lib/ivl/system.vpi";
:vpi_module "/usr/lib/ivl/vhdl_sys.vpi";
:vpi_module "/usr/lib/ivl/vhdl_textio.vpi";
:vpi_module "/usr/lib/ivl/v2005_math.vpi";
:vpi_module "/usr/lib/ivl/va_math.vpi";
S_0x55612ca18810 .scope module, "regop" "regop" 2 3;
 .timescale 0 0;
    .port_info 0 /INPUT 1 "shift";
    .port_info 1 /INPUT 1 "load";
    .port_info 2 /INPUT 1 "serial";
    .port_info 3 /INPUT 1 "clk";
    .port_info 4 /INPUT 4 "I";
    .port_info 5 /OUTPUT 4 "A";
v0x55612ca4bd80_0 .net "A", 3 0, L_0x55612ca4f140;  1 drivers
o0x7fa0c8eab828 .functor BUFZ 4, C4<zzzz>; HiZ drive
v0x55612ca4be60_0 .net "I", 3 0, o0x7fa0c8eab828;  0 drivers
v0x55612ca4bf40_0 .net *"_ivl_17", 0 0, L_0x55612ca4d9d0;  1 drivers
v0x55612ca4c030_0 .net *"_ivl_19", 0 0, L_0x55612ca4da70;  1 drivers
v0x55612ca4c110_0 .net *"_ivl_21", 0 0, L_0x55612ca4dbe0;  1 drivers
v0x55612ca4c240_0 .net *"_ivl_23", 0 0, L_0x55612ca4dd10;  1 drivers
v0x55612ca4c320_0 .net *"_ivl_3", 0 0, L_0x55612ca4d4d0;  1 drivers
v0x55612ca4c400_0 .net *"_ivl_33", 0 0, L_0x55612ca4e140;  1 drivers
v0x55612ca4c4e0_0 .net *"_ivl_35", 0 0, L_0x55612ca4e1e0;  1 drivers
v0x55612ca4c5c0_0 .net *"_ivl_37", 0 0, L_0x55612ca4e300;  1 drivers
v0x55612ca4c6a0_0 .net *"_ivl_39", 0 0, L_0x55612ca4e3a0;  1 drivers
v0x55612ca4c780_0 .net *"_ivl_49", 0 0, L_0x55612ca4e960;  1 drivers
v0x55612ca4c860_0 .net *"_ivl_5", 0 0, L_0x55612ca4d5d0;  1 drivers
v0x55612ca4c940_0 .net *"_ivl_51", 0 0, L_0x55612ca4ea00;  1 drivers
v0x55612ca4ca20_0 .net *"_ivl_53", 0 0, L_0x55612ca4e8c0;  1 drivers
v0x55612ca4cb00_0 .net *"_ivl_55", 0 0, L_0x55612ca4eb50;  1 drivers
v0x55612ca4cbe0_0 .net *"_ivl_7", 0 0, L_0x55612ca4d6d0;  1 drivers
o0x7fa0c8eab018 .functor BUFZ 1, C4<z>; HiZ drive
v0x55612ca4cdd0_0 .net "clk", 0 0, o0x7fa0c8eab018;  0 drivers
o0x7fa0c8eabb28 .functor BUFZ 1, C4<z>; HiZ drive
v0x55612ca4ce70_0 .net "load", 0 0, o0x7fa0c8eabb28;  0 drivers
v0x55612ca4cf30_0 .net "select", 1 0, L_0x55612ca4d3e0;  1 drivers
o0x7fa0c8eabb58 .functor BUFZ 1, C4<z>; HiZ drive
v0x55612ca4d080_0 .net "serial", 0 0, o0x7fa0c8eabb58;  0 drivers
o0x7fa0c8eabb88 .functor BUFZ 1, C4<z>; HiZ drive
v0x55612ca4d140_0 .net "shift", 0 0, o0x7fa0c8eabb88;  0 drivers
v0x55612ca4d200_0 .net "y", 3 0, L_0x55612ca4eed0;  1 drivers
L_0x55612ca4d3e0 .concat [ 1 1 0 0], o0x7fa0c8eabb28, o0x7fa0c8eabb88;
L_0x55612ca4d4d0 .part o0x7fa0c8eab828, 0, 1;
L_0x55612ca4d5d0 .part L_0x55612ca4f140, 0, 1;
L_0x55612ca4d6d0 .part L_0x55612ca4f140, 0, 1;
L_0x55612ca4d7d0 .concat [ 1 1 1 1], L_0x55612ca4d6d0, L_0x55612ca4d5d0, L_0x55612ca4d4d0, o0x7fa0c8eabb58;
L_0x55612ca4d8f0 .part L_0x55612ca4eed0, 0, 1;
L_0x55612ca4d9d0 .part L_0x55612ca4f140, 0, 1;
L_0x55612ca4da70 .part o0x7fa0c8eab828, 1, 1;
L_0x55612ca4dbe0 .part L_0x55612ca4f140, 1, 1;
L_0x55612ca4dd10 .part L_0x55612ca4f140, 1, 1;
L_0x55612ca4de40 .concat [ 1 1 1 1], L_0x55612ca4dd10, L_0x55612ca4dbe0, L_0x55612ca4da70, L_0x55612ca4d9d0;
L_0x55612ca4dfe0 .part L_0x55612ca4eed0, 1, 1;
L_0x55612ca4e140 .part L_0x55612ca4f140, 1, 1;
L_0x55612ca4e1e0 .part o0x7fa0c8eab828, 2, 1;
L_0x55612ca4e300 .part L_0x55612ca4f140, 2, 1;
L_0x55612ca4e3a0 .part L_0x55612ca4f140, 2, 1;
L_0x55612ca4e5e0 .concat [ 1 1 1 1], L_0x55612ca4e3a0, L_0x55612ca4e300, L_0x55612ca4e1e0, L_0x55612ca4e140;
L_0x55612ca4e820 .part L_0x55612ca4eed0, 2, 1;
L_0x55612ca4e960 .part L_0x55612ca4f140, 2, 1;
L_0x55612ca4ea00 .part o0x7fa0c8eab828, 3, 1;
L_0x55612ca4e8c0 .part L_0x55612ca4f140, 3, 1;
L_0x55612ca4eb50 .part L_0x55612ca4f140, 3, 1;
L_0x55612ca4ece0 .concat [ 1 1 1 1], L_0x55612ca4eb50, L_0x55612ca4e8c0, L_0x55612ca4ea00, L_0x55612ca4e960;
L_0x55612ca4eed0 .concat8 [ 1 1 1 1], v0x55612ca4aa30_0, v0x55612ca4afa0_0, v0x55612ca4b4d0_0, v0x55612ca4ba70_0;
L_0x55612ca4f070 .part L_0x55612ca4eed0, 3, 1;
L_0x55612ca4f140 .concat8 [ 1 1 1 1], v0x55612ca1fde0_0, v0x55612ca18d60_0, v0x55612ca4a180_0, v0x55612ca4a650_0;
S_0x55612ca22310 .scope module, "d0" "dff" 2 10, 3 1 0, S_0x55612ca18810;
 .timescale 0 0;
    .port_info 0 /INPUT 1 "d";
    .port_info 1 /INPUT 1 "clk";
    .port_info 2 /OUTPUT 1 "q";
v0x55612ca1c3e0_0 .net "clk", 0 0, o0x7fa0c8eab018;  alias, 0 drivers
v0x55612ca1c1b0_0 .net "d", 0 0, L_0x55612ca4d8f0;  1 drivers
v0x55612ca1fde0_0 .var "q", 0 0;
E_0x55612ca26be0 .event posedge, v0x55612ca1c3e0_0;
S_0x55612ca49ad0 .scope module, "d1" "dff" 2 12, 3 1 0, S_0x55612ca18810;
 .timescale 0 0;
    .port_info 0 /INPUT 1 "d";
    .port_info 1 /INPUT 1 "clk";
    .port_info 2 /OUTPUT 1 "q";
v0x55612ca1caa0_0 .net "clk", 0 0, o0x7fa0c8eab018;  alias, 0 drivers
v0x55612ca19710_0 .net "d", 0 0, L_0x55612ca4dfe0;  1 drivers
v0x55612ca18d60_0 .var "q", 0 0;
S_0x55612ca49da0 .scope module, "d2" "dff" 2 14, 3 1 0, S_0x55612ca18810;
 .timescale 0 0;
    .port_info 0 /INPUT 1 "d";
    .port_info 1 /INPUT 1 "clk";
    .port_info 2 /OUTPUT 1 "q";
v0x55612ca49fd0_0 .net "clk", 0 0, o0x7fa0c8eab018;  alias, 0 drivers
v0x55612ca4a0c0_0 .net "d", 0 0, L_0x55612ca4e820;  1 drivers
v0x55612ca4a180_0 .var "q", 0 0;
S_0x55612ca4a2a0 .scope module, "d3" "dff" 2 16, 3 1 0, S_0x55612ca18810;
 .timescale 0 0;
    .port_info 0 /INPUT 1 "d";
    .port_info 1 /INPUT 1 "clk";
    .port_info 2 /OUTPUT 1 "q";
v0x55612ca4a4d0_0 .net "clk", 0 0, o0x7fa0c8eab018;  alias, 0 drivers
v0x55612ca4a590_0 .net "d", 0 0, L_0x55612ca4f070;  1 drivers
v0x55612ca4a650_0 .var "q", 0 0;
S_0x55612ca4a770 .scope module, "m0" "mux4to1" 2 9, 4 1 0, S_0x55612ca18810;
 .timescale 0 0;
    .port_info 0 /INPUT 2 "s";
    .port_info 1 /INPUT 4 "w";
    .port_info 2 /OUTPUT 1 "f";
v0x55612ca4aa30_0 .var "f", 0 0;
v0x55612ca4ab10_0 .net "s", 1 0, L_0x55612ca4d3e0;  alias, 1 drivers
v0x55612ca4abf0_0 .net "w", 3 0, L_0x55612ca4d7d0;  1 drivers
E_0x55612ca26a80 .event anyedge, v0x55612ca4abf0_0, v0x55612ca4ab10_0;
S_0x55612ca4ad30 .scope module, "m1" "mux4to1" 2 11, 4 1 0, S_0x55612ca18810;
 .timescale 0 0;
    .port_info 0 /INPUT 2 "s";
    .port_info 1 /INPUT 4 "w";
    .port_info 2 /OUTPUT 1 "f";
v0x55612ca4afa0_0 .var "f", 0 0;
v0x55612ca4b080_0 .net "s", 1 0, L_0x55612ca4d3e0;  alias, 1 drivers
v0x55612ca4b140_0 .net "w", 3 0, L_0x55612ca4de40;  1 drivers
E_0x55612ca26db0 .event anyedge, v0x55612ca4b140_0, v0x55612ca4ab10_0;
S_0x55612ca4b260 .scope module, "m2" "mux4to1" 2 13, 4 1 0, S_0x55612ca18810;
 .timescale 0 0;
    .port_info 0 /INPUT 2 "s";
    .port_info 1 /INPUT 4 "w";
    .port_info 2 /OUTPUT 1 "f";
v0x55612ca4b4d0_0 .var "f", 0 0;
v0x55612ca4b5b0_0 .net "s", 1 0, L_0x55612ca4d3e0;  alias, 1 drivers
v0x55612ca4b6c0_0 .net "w", 3 0, L_0x55612ca4e5e0;  1 drivers
E_0x55612ca10260 .event anyedge, v0x55612ca4b6c0_0, v0x55612ca4ab10_0;
S_0x55612ca4b800 .scope module, "m3" "mux4to1" 2 15, 4 1 0, S_0x55612ca18810;
 .timescale 0 0;
    .port_info 0 /INPUT 2 "s";
    .port_info 1 /INPUT 4 "w";
    .port_info 2 /OUTPUT 1 "f";
v0x55612ca4ba70_0 .var "f", 0 0;
v0x55612ca4bb50_0 .net "s", 1 0, L_0x55612ca4d3e0;  alias, 1 drivers
v0x55612ca4bc10_0 .net "w", 3 0, L_0x55612ca4ece0;  1 drivers
E_0x55612ca22ed0 .event anyedge, v0x55612ca4bc10_0, v0x55612ca4ab10_0;
    .scope S_0x55612ca4a770;
T_0 ;
    %wait E_0x55612ca26a80;
    %load/vec4 v0x55612ca4ab10_0;
    %dup/vec4;
    %pushi/vec4 0, 0, 2;
    %cmp/u;
    %jmp/1 T_0.0, 6;
    %dup/vec4;
    %pushi/vec4 1, 0, 2;
    %cmp/u;
    %jmp/1 T_0.1, 6;
    %dup/vec4;
    %pushi/vec4 2, 0, 2;
    %cmp/u;
    %jmp/1 T_0.2, 6;
    %dup/vec4;
    %pushi/vec4 3, 0, 2;
    %cmp/u;
    %jmp/1 T_0.3, 6;
    %jmp T_0.4;
T_0.0 ;
    %load/vec4 v0x55612ca4abf0_0;
    %parti/s 1, 0, 2;
    %store/vec4 v0x55612ca4aa30_0, 0, 1;
    %jmp T_0.4;
T_0.1 ;
    %load/vec4 v0x55612ca4abf0_0;
    %parti/s 1, 1, 2;
    %store/vec4 v0x55612ca4aa30_0, 0, 1;
    %jmp T_0.4;
T_0.2 ;
    %load/vec4 v0x55612ca4abf0_0;
    %parti/s 1, 2, 3;
    %store/vec4 v0x55612ca4aa30_0, 0, 1;
    %jmp T_0.4;
T_0.3 ;
    %load/vec4 v0x55612ca4abf0_0;
    %parti/s 1, 3, 3;
    %store/vec4 v0x55612ca4aa30_0, 0, 1;
    %jmp T_0.4;
T_0.4 ;
    %pop/vec4 1;
    %jmp T_0;
    .thread T_0, $push;
    .scope S_0x55612ca22310;
T_1 ;
    %wait E_0x55612ca26be0;
    %load/vec4 v0x55612ca1c1b0_0;
    %assign/vec4 v0x55612ca1fde0_0, 0;
    %jmp T_1;
    .thread T_1;
    .scope S_0x55612ca4ad30;
T_2 ;
    %wait E_0x55612ca26db0;
    %load/vec4 v0x55612ca4b080_0;
    %dup/vec4;
    %pushi/vec4 0, 0, 2;
    %cmp/u;
    %jmp/1 T_2.0, 6;
    %dup/vec4;
    %pushi/vec4 1, 0, 2;
    %cmp/u;
    %jmp/1 T_2.1, 6;
    %dup/vec4;
    %pushi/vec4 2, 0, 2;
    %cmp/u;
    %jmp/1 T_2.2, 6;
    %dup/vec4;
    %pushi/vec4 3, 0, 2;
    %cmp/u;
    %jmp/1 T_2.3, 6;
    %jmp T_2.4;
T_2.0 ;
    %load/vec4 v0x55612ca4b140_0;
    %parti/s 1, 0, 2;
    %store/vec4 v0x55612ca4afa0_0, 0, 1;
    %jmp T_2.4;
T_2.1 ;
    %load/vec4 v0x55612ca4b140_0;
    %parti/s 1, 1, 2;
    %store/vec4 v0x55612ca4afa0_0, 0, 1;
    %jmp T_2.4;
T_2.2 ;
    %load/vec4 v0x55612ca4b140_0;
    %parti/s 1, 2, 3;
    %store/vec4 v0x55612ca4afa0_0, 0, 1;
    %jmp T_2.4;
T_2.3 ;
    %load/vec4 v0x55612ca4b140_0;
    %parti/s 1, 3, 3;
    %store/vec4 v0x55612ca4afa0_0, 0, 1;
    %jmp T_2.4;
T_2.4 ;
    %pop/vec4 1;
    %jmp T_2;
    .thread T_2, $push;
    .scope S_0x55612ca49ad0;
T_3 ;
    %wait E_0x55612ca26be0;
    %load/vec4 v0x55612ca19710_0;
    %assign/vec4 v0x55612ca18d60_0, 0;
    %jmp T_3;
    .thread T_3;
    .scope S_0x55612ca4b260;
T_4 ;
    %wait E_0x55612ca10260;
    %load/vec4 v0x55612ca4b5b0_0;
    %dup/vec4;
    %pushi/vec4 0, 0, 2;
    %cmp/u;
    %jmp/1 T_4.0, 6;
    %dup/vec4;
    %pushi/vec4 1, 0, 2;
    %cmp/u;
    %jmp/1 T_4.1, 6;
    %dup/vec4;
    %pushi/vec4 2, 0, 2;
    %cmp/u;
    %jmp/1 T_4.2, 6;
    %dup/vec4;
    %pushi/vec4 3, 0, 2;
    %cmp/u;
    %jmp/1 T_4.3, 6;
    %jmp T_4.4;
T_4.0 ;
    %load/vec4 v0x55612ca4b6c0_0;
    %parti/s 1, 0, 2;
    %store/vec4 v0x55612ca4b4d0_0, 0, 1;
    %jmp T_4.4;
T_4.1 ;
    %load/vec4 v0x55612ca4b6c0_0;
    %parti/s 1, 1, 2;
    %store/vec4 v0x55612ca4b4d0_0, 0, 1;
    %jmp T_4.4;
T_4.2 ;
    %load/vec4 v0x55612ca4b6c0_0;
    %parti/s 1, 2, 3;
    %store/vec4 v0x55612ca4b4d0_0, 0, 1;
    %jmp T_4.4;
T_4.3 ;
    %load/vec4 v0x55612ca4b6c0_0;
    %parti/s 1, 3, 3;
    %store/vec4 v0x55612ca4b4d0_0, 0, 1;
    %jmp T_4.4;
T_4.4 ;
    %pop/vec4 1;
    %jmp T_4;
    .thread T_4, $push;
    .scope S_0x55612ca49da0;
T_5 ;
    %wait E_0x55612ca26be0;
    %load/vec4 v0x55612ca4a0c0_0;
    %assign/vec4 v0x55612ca4a180_0, 0;
    %jmp T_5;
    .thread T_5;
    .scope S_0x55612ca4b800;
T_6 ;
    %wait E_0x55612ca22ed0;
    %load/vec4 v0x55612ca4bb50_0;
    %dup/vec4;
    %pushi/vec4 0, 0, 2;
    %cmp/u;
    %jmp/1 T_6.0, 6;
    %dup/vec4;
    %pushi/vec4 1, 0, 2;
    %cmp/u;
    %jmp/1 T_6.1, 6;
    %dup/vec4;
    %pushi/vec4 2, 0, 2;
    %cmp/u;
    %jmp/1 T_6.2, 6;
    %dup/vec4;
    %pushi/vec4 3, 0, 2;
    %cmp/u;
    %jmp/1 T_6.3, 6;
    %jmp T_6.4;
T_6.0 ;
    %load/vec4 v0x55612ca4bc10_0;
    %parti/s 1, 0, 2;
    %store/vec4 v0x55612ca4ba70_0, 0, 1;
    %jmp T_6.4;
T_6.1 ;
    %load/vec4 v0x55612ca4bc10_0;
    %parti/s 1, 1, 2;
    %store/vec4 v0x55612ca4ba70_0, 0, 1;
    %jmp T_6.4;
T_6.2 ;
    %load/vec4 v0x55612ca4bc10_0;
    %parti/s 1, 2, 3;
    %store/vec4 v0x55612ca4ba70_0, 0, 1;
    %jmp T_6.4;
T_6.3 ;
    %load/vec4 v0x55612ca4bc10_0;
    %parti/s 1, 3, 3;
    %store/vec4 v0x55612ca4ba70_0, 0, 1;
    %jmp T_6.4;
T_6.4 ;
    %pop/vec4 1;
    %jmp T_6;
    .thread T_6, $push;
    .scope S_0x55612ca4a2a0;
T_7 ;
    %wait E_0x55612ca26be0;
    %load/vec4 v0x55612ca4a590_0;
    %assign/vec4 v0x55612ca4a650_0, 0;
    %jmp T_7;
    .thread T_7;
# The file index is used to find the file name in the following table.
:file_names 5;
    "N/A";
    "<interactive>";
    "regop.v";
    "./dff.v";
    "./mux4to1.v";
