#! /usr/bin/vvp
:ivl_version "11.0 (stable)";
:ivl_delay_selection "TYPICAL";
:vpi_time_precision + 0;
:vpi_module "/usr/lib/x86_64-linux-gnu/ivl/system.vpi";
:vpi_module "/usr/lib/x86_64-linux-gnu/ivl/vhdl_sys.vpi";
:vpi_module "/usr/lib/x86_64-linux-gnu/ivl/vhdl_textio.vpi";
:vpi_module "/usr/lib/x86_64-linux-gnu/ivl/v2005_math.vpi";
:vpi_module "/usr/lib/x86_64-linux-gnu/ivl/va_math.vpi";
S_0x55d55bb72d90 .scope module, "state2" "state2" 2 2;
 .timescale 0 0;
    .port_info 0 /OUTPUT 2 "state";
    .port_info 1 /INPUT 1 "in";
    .port_info 2 /INPUT 1 "clk";
L_0x55d55bb9ad50 .functor NOT 1, L_0x55d55bbc3770, C4<0>, C4<0>, C4<0>;
L_0x55d55bbc3980 .functor AND 1, L_0x55d55bb9ad50, L_0x55d55bbc3890, C4<1>, C4<1>;
o0x7f899d2ff5e8 .functor BUFZ 1, C4<z>; HiZ drive
L_0x55d55bbc3b30 .functor NOT 1, o0x7f899d2ff5e8, C4<0>, C4<0>, C4<0>;
L_0x55d55bbc3bd0 .functor AND 1, L_0x55d55bbc3a90, L_0x55d55bbc3b30, C4<1>, C4<1>;
L_0x55d55bbc3d40 .functor OR 1, L_0x55d55bbc3980, L_0x55d55bbc3bd0, C4<0>, C4<0>;
L_0x55d55bbc3f20 .functor NOT 1, L_0x55d55bbc3e50, C4<0>, C4<0>, C4<0>;
L_0x55d55bbc3fd0 .functor NOT 1, o0x7f899d2ff5e8, C4<0>, C4<0>, C4<0>;
L_0x55d55bbc4090 .functor AND 1, L_0x55d55bbc3f20, L_0x55d55bbc3fd0, C4<1>, C4<1>;
L_0x55d55bbc4290 .functor NOT 1, o0x7f899d2ff5e8, C4<0>, C4<0>, C4<0>;
L_0x55d55bbc4300 .functor AND 1, L_0x55d55bbc41f0, L_0x55d55bbc4290, C4<1>, C4<1>;
L_0x55d55bbc4470 .functor OR 1, L_0x55d55bbc4090, L_0x55d55bbc4300, C4<0>, C4<0>;
L_0x55d55bbc4610 .functor NOT 1, L_0x55d55bbc4530, C4<0>, C4<0>, C4<0>;
L_0x55d55bbc47e0 .functor AND 1, L_0x55d55bbc4610, L_0x55d55bbc4740, C4<1>, C4<1>;
L_0x55d55bbc48f0 .functor AND 1, L_0x55d55bbc47e0, o0x7f899d2ff5e8, C4<1>, C4<1>;
L_0x55d55bbc46d0 .functor OR 1, L_0x55d55bbc4470, L_0x55d55bbc48f0, C4<0>, C4<0>;
v0x55d55bbc21c0_0 .net *"_ivl_1", 0 0, L_0x55d55bbc3770;  1 drivers
v0x55d55bbc22a0_0 .net *"_ivl_10", 0 0, L_0x55d55bbc3b30;  1 drivers
v0x55d55bbc2380_0 .net *"_ivl_12", 0 0, L_0x55d55bbc3bd0;  1 drivers
v0x55d55bbc2470_0 .net *"_ivl_19", 0 0, L_0x55d55bbc3e50;  1 drivers
v0x55d55bbc2550_0 .net *"_ivl_2", 0 0, L_0x55d55bb9ad50;  1 drivers
v0x55d55bbc2680_0 .net *"_ivl_20", 0 0, L_0x55d55bbc3f20;  1 drivers
v0x55d55bbc2760_0 .net *"_ivl_22", 0 0, L_0x55d55bbc3fd0;  1 drivers
v0x55d55bbc2840_0 .net *"_ivl_24", 0 0, L_0x55d55bbc4090;  1 drivers
v0x55d55bbc2920_0 .net *"_ivl_27", 0 0, L_0x55d55bbc41f0;  1 drivers
v0x55d55bbc2a00_0 .net *"_ivl_28", 0 0, L_0x55d55bbc4290;  1 drivers
v0x55d55bbc2ae0_0 .net *"_ivl_30", 0 0, L_0x55d55bbc4300;  1 drivers
v0x55d55bbc2bc0_0 .net *"_ivl_32", 0 0, L_0x55d55bbc4470;  1 drivers
v0x55d55bbc2ca0_0 .net *"_ivl_35", 0 0, L_0x55d55bbc4530;  1 drivers
v0x55d55bbc2d80_0 .net *"_ivl_36", 0 0, L_0x55d55bbc4610;  1 drivers
v0x55d55bbc2e60_0 .net *"_ivl_39", 0 0, L_0x55d55bbc4740;  1 drivers
v0x55d55bbc2f40_0 .net *"_ivl_40", 0 0, L_0x55d55bbc47e0;  1 drivers
v0x55d55bbc3020_0 .net *"_ivl_42", 0 0, L_0x55d55bbc48f0;  1 drivers
v0x55d55bbc3210_0 .net *"_ivl_5", 0 0, L_0x55d55bbc3890;  1 drivers
v0x55d55bbc32f0_0 .net *"_ivl_6", 0 0, L_0x55d55bbc3980;  1 drivers
v0x55d55bbc33d0_0 .net *"_ivl_9", 0 0, L_0x55d55bbc3a90;  1 drivers
o0x7f899d2ff018 .functor BUFZ 1, C4<z>; HiZ drive
v0x55d55bbc34b0_0 .net "clk", 0 0, o0x7f899d2ff018;  0 drivers
v0x55d55bbc3550_0 .net "in", 0 0, o0x7f899d2ff5e8;  0 drivers
v0x55d55bbc3610_0 .net "state", 1 0, L_0x55d55bbc4b10;  1 drivers
L_0x55d55bbc3770 .part L_0x55d55bbc4b10, 0, 1;
L_0x55d55bbc3890 .part L_0x55d55bbc4b10, 1, 1;
L_0x55d55bbc3a90 .part L_0x55d55bbc4b10, 1, 1;
L_0x55d55bbc3e50 .part L_0x55d55bbc4b10, 1, 1;
L_0x55d55bbc41f0 .part L_0x55d55bbc4b10, 0, 1;
L_0x55d55bbc4530 .part L_0x55d55bbc4b10, 0, 1;
L_0x55d55bbc4740 .part L_0x55d55bbc4b10, 1, 1;
L_0x55d55bbc4b10 .concat8 [ 1 1 0 0], v0x55d55bb9e840_0, v0x55d55bbc2000_0;
S_0x55d55bb72f20 .scope module, "ta" "tff" 2 5, 3 1 0, S_0x55d55bb72d90;
 .timescale 0 0;
    .port_info 0 /INPUT 1 "t";
    .port_info 1 /INPUT 1 "clk";
    .port_info 2 /OUTPUT 1 "q";
v0x55d55bb9ae20_0 .net "clk", 0 0, o0x7f899d2ff018;  alias, 0 drivers
v0x55d55bb9e840_0 .var "q", 0 0;
v0x55d55bb9ac20_0 .net "t", 0 0, L_0x55d55bbc3d40;  1 drivers
E_0x55d55bb990b0 .event posedge, v0x55d55bb9ae20_0;
S_0x55d55bbc1d60 .scope module, "tb" "tff" 2 6, 3 1 0, S_0x55d55bb72d90;
 .timescale 0 0;
    .port_info 0 /INPUT 1 "t";
    .port_info 1 /INPUT 1 "clk";
    .port_info 2 /OUTPUT 1 "q";
v0x55d55bbc1f40_0 .net "clk", 0 0, o0x7f899d2ff018;  alias, 0 drivers
v0x55d55bbc2000_0 .var "q", 0 0;
v0x55d55bbc20a0_0 .net "t", 0 0, L_0x55d55bbc46d0;  1 drivers
    .scope S_0x55d55bb72f20;
T_0 ;
    %wait E_0x55d55bb990b0;
    %load/vec4 v0x55d55bb9e840_0;
    %inv;
    %assign/vec4 v0x55d55bb9e840_0, 0;
    %jmp T_0;
    .thread T_0;
    .scope S_0x55d55bbc1d60;
T_1 ;
    %wait E_0x55d55bb990b0;
    %load/vec4 v0x55d55bbc2000_0;
    %inv;
    %assign/vec4 v0x55d55bbc2000_0, 0;
    %jmp T_1;
    .thread T_1;
# The file index is used to find the file name in the following table.
:file_names 4;
    "N/A";
    "<interactive>";
    "state2.v";
    "./tff.v";
