


ARM Macro Assembler    Page 1 


    1 00000000                 AREA             RESET, DATA, READONLY
    2 00000000                 EXPORT           __Vectors
    3 00000000         
    4 00000000         __Vectors
    5 00000000         
    6 00000000 10001000        DCD              0X10001000
    7 00000004 00000000        DCD              Reset_Handler
    8 00000008                 ALIGN
    9 00000008                 AREA             mycode, CODE, READONLY
   10 00000000                 ENTRY
   11 00000000                 EXPORT           Reset_Handler
   12 00000000         
   13 00000000         Reset_Handler
   14 00000000         
   15 00000000 4813            LDR              R0,=N1
   16 00000002 6802            LDR              R2,[R0]
   17 00000004 4813            LDR              R0,=N2
   18 00000006 6803            LDR              R3,[R0]
   19 00000008 4813            LDR              R0,=DST
   20 0000000A F04F 0600       MOV              R6,#0
   21 0000000E 4617    up      MOV              R7,R2
   22 00000010 4698            MOV              R8,R3
   23 00000012 F007 070F       AND              R7,#0xF
   24 00000016 4437            ADD              R7,R6
   25 00000018 F04F 0600       MOV              R6,#0
   26 0000001C F008 080F       AND              R8,#0xF
   27 00000020 F000 F806       BL               addn
   28 00000024 EA4F 1212       LSR              R2,#4
   29 00000028 2A00            CMP              R2,#0
   30 0000002A D1F0            BNE              up
   31 0000002C 7006            STRB             R6,[R0]
   32 0000002E         STOP
   33 0000002E E7FE            B                STOP
   34 00000030 EB17 0708 
                       addn    ADDS             R7,R8
   35 00000034 2F0A            CMP              R7,#0xA
   36 00000036 D303            BCC              store
   37 00000038 F1A7 070A       SUB              R7,#0xA
   38 0000003C F106 0601       ADD              R6,#01
   39 00000040 F800 7B01 
                       store   STRB             R7,[R0],#1
   40 00000044         
   41 00000044 4770            bx               lr
   42 00000046         
   43 00000046 00 00 00000025 
                       N1      DCD              0x0025
   44 0000004C 00000016 
                       N2      DCD              0x0016
   45 00000050 00000000 
              00000000 
              00000000         AREA             mydata,DATA,READWRITE
   46 00000000 00000000 
                       DST     DCD              0
   47 00000004                 END
Command Line: --debug --xref --cpu=Cortex-M3 --apcs=interwork --depend=.\add_bc
d.d -o.\add_bcd.o -IC:\Keil\ARM\RV31\INC -IC:\Keil\ARM\CMSIS\Include -IC:\Keil\
ARM\Inc\NXP\LPC17xx --predefine="__EVAL SETA 1" --list=.\add_bcd.lst add_bcd.s



ARM Macro Assembler    Page 1 Alphabetic symbol ordering
Relocatable symbols

RESET 00000000

Symbol: RESET
   Definitions
      At line 1 in file add_bcd.s
   Uses
      None
Comment: RESET unused
__Vectors 00000000

Symbol: __Vectors
   Definitions
      At line 4 in file add_bcd.s
   Uses
      At line 2 in file add_bcd.s
Comment: __Vectors used once
2 symbols



ARM Macro Assembler    Page 1 Alphabetic symbol ordering
Relocatable symbols

N1 00000048

Symbol: N1
   Definitions
      At line 43 in file add_bcd.s
   Uses
      At line 15 in file add_bcd.s
Comment: N1 used once
N2 0000004C

Symbol: N2
   Definitions
      At line 44 in file add_bcd.s
   Uses
      At line 17 in file add_bcd.s
Comment: N2 used once
Reset_Handler 00000000

Symbol: Reset_Handler
   Definitions
      At line 13 in file add_bcd.s
   Uses
      At line 7 in file add_bcd.s
      At line 11 in file add_bcd.s

STOP 0000002E

Symbol: STOP
   Definitions
      At line 32 in file add_bcd.s
   Uses
      At line 33 in file add_bcd.s
Comment: STOP used once
addn 00000030

Symbol: addn
   Definitions
      At line 34 in file add_bcd.s
   Uses
      At line 27 in file add_bcd.s
Comment: addn used once
mycode 00000000

Symbol: mycode
   Definitions
      At line 9 in file add_bcd.s
   Uses
      None
Comment: mycode unused
store 00000040

Symbol: store
   Definitions
      At line 39 in file add_bcd.s
   Uses
      At line 36 in file add_bcd.s
Comment: store used once
up 0000000E




ARM Macro Assembler    Page 2 Alphabetic symbol ordering
Relocatable symbols

Symbol: up
   Definitions
      At line 21 in file add_bcd.s
   Uses
      At line 30 in file add_bcd.s
Comment: up used once
8 symbols



ARM Macro Assembler    Page 1 Alphabetic symbol ordering
Relocatable symbols

DST 00000000

Symbol: DST
   Definitions
      At line 46 in file add_bcd.s
   Uses
      At line 19 in file add_bcd.s
Comment: DST used once
mydata 00000000

Symbol: mydata
   Definitions
      At line 45 in file add_bcd.s
   Uses
      None
Comment: mydata unused
2 symbols
345 symbols in table
