


ARM Macro Assembler    Page 1 


    1 00000000                 AREA             RESET, DATA, READONLY
    2 00000000                 EXPORT           __Vectors
    3 00000000         
    4 00000000         __Vectors
    5 00000000 10001010        DCD              0x10001010
    6 00000004 00000000        DCD              Reset_Handler
    7 00000008         
    8 00000008                 ALIGN
    9 00000008         
   10 00000008                 AREA             program, CODE, READONLY
   11 00000000                 ENTRY
   12 00000000                 EXPORT           Reset_Handler
   13 00000000         
   14 00000000         
   15 00000000        0 
                       hex_num rn               R0
   16 00000000        1 
                       shift_count
                               rn               R1
   17 00000000        2 
                       quotient
                               rn               R2
   18 00000000        3 
                       res     rn               R3
   19 00000000        4 
                       res_mem rn               R4
   20 00000000         
   21 00000000         
   22 00000000         Reset_Handler
   23 00000000 480F            LDR              hex_num, =HEX
   24 00000002 6800            LDR              hex_num, [hex_num]
   25 00000004 F04F 0120       MOV              shift_count, #0x20 ; initialise
                                                             (final) shift coun
                                                            ter to 32
   26 00000008         
   27 00000008         
   28 00000008         CONVERT
   29 00000008 F000 F807       BL               DIVIDE_INIT
   30 0000000C 2800            CMP              hex_num, #0x0 ; end if dividend
                                                             is zero
   31 0000000E D1FB            BNE              CONVERT
   32 00000010         
   33 00000010         
   34 00000010         STORE_IN_RAM
   35 00000010 4C0C            LDR              res_mem, =BCD
   36 00000012 FA23 F301       LSR              res, shift_count
   37 00000016 6023            STR              res, [res_mem]
   38 00000018         
   39 00000018         
   40 00000018         STOP
   41 00000018 E7FE            B                STOP
   42 0000001A         
   43 0000001A         
   44 0000001A         DIVIDE_INIT
   45 0000001A F04F 0200       MOV              quotient, #0 ; set quotient to 
                                                            zero
   46 0000001E         
   47 0000001E         
   48 0000001E         DIVIDE



ARM Macro Assembler    Page 2 


   49 0000001E 280A            CMP              hex_num, #0x0A
   50 00000020 D304            BLO              PACK_DIGIT
   51 00000022         
   52 00000022 F1A0 000A       SUB              hex_num, #0x0A ; if dividend is
                                                             exceeds 10 decreme
                                                            nt it by 10
   53 00000026 F102 0201       ADD              quotient, #0x1 ; and increment 
                                                            quotient by 1
   54 0000002A E7F8            B                DIVIDE      ; until dividend is
                                                             less than 10
   55 0000002C         
   56 0000002C         
   57 0000002C         PACK_DIGIT
   58 0000002C EA43 0300       ORR              res, hex_num
   59 00000030 EA4F 1333       ROR              res, #0x4
   60 00000034 4610            MOV              hex_num, quotient ; quotient be
                                                            comes new dividend
   61 00000036         
   62 00000036 F1A1 0104       SUB              shift_count, #0x4
   63 0000003A 4770            BX               LR
   64 0000003C         
   65 0000003C         
   66 0000003C 0000002E 
                       HEX     DCD              0x2E
   67 00000040         
   68 00000040 00000000 
              00000000         AREA             DATASEG, DATA, READWRITE
   69 00000000 00000000 
                       BCD     DCD              0           ; DST location in D
                                                            ata segment
   70 00000004         
   71 00000004         
   72 00000004                 END
Command Line: --debug --xref --cpu=Cortex-M3 --apcs=interwork --depend=.\hex_to
_bcd.d -o.\hex_to_bcd.o -IC:\Keil\ARM\RV31\INC -IC:\Keil\ARM\CMSIS\Include -IC:
\Keil\ARM\Inc\NXP\LPC17xx --predefine="__EVAL SETA 1" --list=.\hex_to_bcd.lst h
ex_to_bcd.s



ARM Macro Assembler    Page 1 Alphabetic symbol ordering
Relocatable symbols

RESET 00000000

Symbol: RESET
   Definitions
      At line 1 in file hex_to_bcd.s
   Uses
      None
Comment: RESET unused
__Vectors 00000000

Symbol: __Vectors
   Definitions
      At line 4 in file hex_to_bcd.s
   Uses
      At line 2 in file hex_to_bcd.s
Comment: __Vectors used once
2 symbols



ARM Macro Assembler    Page 1 Alphabetic symbol ordering
Relocatable symbols

CONVERT 00000008

Symbol: CONVERT
   Definitions
      At line 28 in file hex_to_bcd.s
   Uses
      At line 31 in file hex_to_bcd.s
Comment: CONVERT used once
DIVIDE 0000001E

Symbol: DIVIDE
   Definitions
      At line 48 in file hex_to_bcd.s
   Uses
      At line 54 in file hex_to_bcd.s
Comment: DIVIDE used once
DIVIDE_INIT 0000001A

Symbol: DIVIDE_INIT
   Definitions
      At line 44 in file hex_to_bcd.s
   Uses
      At line 29 in file hex_to_bcd.s
Comment: DIVIDE_INIT used once
HEX 0000003C

Symbol: HEX
   Definitions
      At line 66 in file hex_to_bcd.s
   Uses
      At line 23 in file hex_to_bcd.s
Comment: HEX used once
PACK_DIGIT 0000002C

Symbol: PACK_DIGIT
   Definitions
      At line 57 in file hex_to_bcd.s
   Uses
      At line 50 in file hex_to_bcd.s
Comment: PACK_DIGIT used once
Reset_Handler 00000000

Symbol: Reset_Handler
   Definitions
      At line 22 in file hex_to_bcd.s
   Uses
      At line 6 in file hex_to_bcd.s
      At line 12 in file hex_to_bcd.s

STOP 00000018

Symbol: STOP
   Definitions
      At line 40 in file hex_to_bcd.s
   Uses
      At line 41 in file hex_to_bcd.s
Comment: STOP used once
STORE_IN_RAM 00000010




ARM Macro Assembler    Page 2 Alphabetic symbol ordering
Relocatable symbols

Symbol: STORE_IN_RAM
   Definitions
      At line 34 in file hex_to_bcd.s
   Uses
      None
Comment: STORE_IN_RAM unused
program 00000000

Symbol: program
   Definitions
      At line 10 in file hex_to_bcd.s
   Uses
      None
Comment: program unused
9 symbols



ARM Macro Assembler    Page 1 Alphabetic symbol ordering
Relocatable symbols

BCD 00000000

Symbol: BCD
   Definitions
      At line 69 in file hex_to_bcd.s
   Uses
      At line 35 in file hex_to_bcd.s
Comment: BCD used once
DATASEG 00000000

Symbol: DATASEG
   Definitions
      At line 68 in file hex_to_bcd.s
   Uses
      None
Comment: DATASEG unused
2 symbols
351 symbols in table
