


ARM Macro Assembler    Page 1 


    1 00000000                 AREA             RESET, DATA, READONLY
    2 00000000                 EXPORT           __Vectors
    3 00000000         __Vectors
    4 00000000 10001000        DCD              0X10001000
    5 00000004 00000000        DCD              Reset_Handler
    6 00000008                 ALIGN
    7 00000008                 AREA             mycode, CODE, READONLY
    8 00000000                 ENTRY
    9 00000000                 EXPORT           Reset_Handler
   10 00000000         Reset_Handler
   11 00000000 480F            LDR              R0, =srcBlock ; Source block in
                                                             code memory
   12 00000002 4910            LDR              R1, =destBlock ; Destination bl
                                                            ock in data memory
   13 00000004 F04F 020A       MOV              R2, #10
   14 00000008         
   15 00000008         TransferLoop                         ; Loop counter
   16 00000008 F850 3B04       LDR              R3, [R0], #4 ; Load 32-bit numb
                                                            er from source bloc
                                                            k
   17 0000000C F841 3B04       STR              R3, [R1], #4 ; Store the 32-bit
                                                             number to destinat
                                                            ion block
   18 00000010 3A01            SUBS             R2, #1      ; Decrement loop co
                                                            unter
   19 00000012 D1F9            BNE              TransferLoop ; Continue loop if
                                                             counter is not zer
                                                            o. It will go to Tr
                                                            ansferLoop
   20 00000014         
   21 00000014         STOP
   22 00000014 E7FE            B                STOP
   23 00000016         
   24 00000016 00 00 00000001 
              00000002 
              00000003 
              00000004 
              00000005 
              00000006 
              00000007 
              00000008 
              00000009 
              0000000A srcBlock
                               DCD              1,2,3,4,5,6,7,8,9,10 ; Source b
                                                            lock address in cod
                                                            e memory
   25 00000040         
   26 00000040 00000000 
              00000000         AREA             mydata, DATA, READWRITE
   27 00000000 00000000 
                       destBlock
                               DCD              0           ; Destination block
                                                             address in data me
                                                            mory
   28 00000004         
   29 00000004                 END
Command Line: --debug --xref --cpu=Cortex-M3 --apcs=interwork --depend=.\lab3_2
.d -o.\lab3_2.o -IC:\Keil\ARM\RV31\INC -IC:\Keil\ARM\CMSIS\Include -IC:\Keil\AR
M\Inc\NXP\LPC17xx --predefine="__EVAL SETA 1" --list=.\lab3_2.lst "D:\ICAS_2216



ARM Macro Assembler    Page 2 


27021\Lab 3\Lab3_2.s"



ARM Macro Assembler    Page 1 Alphabetic symbol ordering
Relocatable symbols

RESET 00000000

Symbol: RESET
   Definitions
      At line 1 in file D:\ICAS_221627021\Lab
   Uses
      None
Comment: RESET unused
__Vectors 00000000

Symbol: __Vectors
   Definitions
      At line 3 in file D:\ICAS_221627021\Lab
   Uses
      At line 2 in file D:\ICAS_221627021\Lab
Comment: __Vectors used once
2 symbols



ARM Macro Assembler    Page 1 Alphabetic symbol ordering
Relocatable symbols

Reset_Handler 00000000

Symbol: Reset_Handler
   Definitions
      At line 10 in file D:\ICAS_221627021\Lab
   Uses
      At line 5 in file D:\ICAS_221627021\Lab
      At line 9 in file D:\ICAS_221627021\Lab

STOP 00000014

Symbol: STOP
   Definitions
      At line 21 in file D:\ICAS_221627021\Lab
   Uses
      At line 22 in file D:\ICAS_221627021\Lab
Comment: STOP used once
TransferLoop 00000008

Symbol: TransferLoop
   Definitions
      At line 15 in file D:\ICAS_221627021\Lab
   Uses
      At line 19 in file D:\ICAS_221627021\Lab
Comment: TransferLoop used once
mycode 00000000

Symbol: mycode
   Definitions
      At line 7 in file D:\ICAS_221627021\Lab
   Uses
      None
Comment: mycode unused
srcBlock 00000018

Symbol: srcBlock
   Definitions
      At line 24 in file D:\ICAS_221627021\Lab
   Uses
      At line 11 in file D:\ICAS_221627021\Lab
Comment: srcBlock used once
5 symbols



ARM Macro Assembler    Page 1 Alphabetic symbol ordering
Relocatable symbols

destBlock 00000000

Symbol: destBlock
   Definitions
      At line 27 in file D:\ICAS_221627021\Lab
   Uses
      At line 12 in file D:\ICAS_221627021\Lab
Comment: destBlock used once
mydata 00000000

Symbol: mydata
   Definitions
      At line 26 in file D:\ICAS_221627021\Lab
   Uses
      None
Comment: mydata unused
2 symbols
342 symbols in table
