


ARM Macro Assembler    Page 1 


    1 00000000                 AREA             RESET, DATA, READONLY
    2 00000000                 EXPORT           __Vectors
    3 00000000         
    4 00000000         __Vectors
    5 00000000         
    6 00000000 10001000        DCD              0x10001000
    7 00000004 00000000        DCD              Reset_Handler
    8 00000008                 ALIGN
    9 00000008                 AREA             mycode, CODE, READONLY
   10 00000000                 ENTRY
   11 00000000                 EXPORT           Reset_Handler
   12 00000000         
   13 00000000         Reset_Handler
   14 00000000         
   15 00000000 480F            LDR              R0,=SRC     ;load address of sr
                                                            c
   16 00000002 4910            LDR              R1, =DST    ;load address of ds
                                                            t
   17 00000004 F04F 030A       MOV              R3, #N      ;counter
   18 00000008         
   19 00000008 F850 2B04 
                       UP      LDR              R2,[R0], #4
   20 0000000C F841 2B04       STR              R2,[R1], #4
   21 00000010 3B01            SUBS             R3,#1
   22 00000012 D1F9            BNE              UP
   23 00000014         STOP
   24 00000014 E7FE            B                STOP
   25 00000016         
   26 00000016         
   27 00000016 0000000A 
                       N       EQU              10
   28 00000016         
   29 00000016 00 00 00000001 
              00000002 
              00000003 
              00000004 
              00000005 
              00000006 
              00000007 
              00000008 
              00000009 
              0000000A SRC     DCD              1, 2, 3, 4, 5, 6, 7, 8, 9, 10
   30 00000040 00000000 
              00000000         AREA             nums, DATA, READWRITE
   31 00000000         
   32 00000000 00000000 
                       DST     DCD              0
   33 00000004         
   34 00000004                 END
Command Line: --debug --xref --cpu=Cortex-M3 --apcs=interwork --depend=.\transf
er.d -o.\transfer.o -IC:\Keil\ARM\RV31\INC -IC:\Keil\ARM\CMSIS\Include -IC:\Kei
l\ARM\Inc\NXP\LPC17xx --predefine="__EVAL SETA 1" --list=.\transfer.lst transfe
r.s



ARM Macro Assembler    Page 1 Alphabetic symbol ordering
Relocatable symbols

RESET 00000000

Symbol: RESET
   Definitions
      At line 1 in file transfer.s
   Uses
      None
Comment: RESET unused
__Vectors 00000000

Symbol: __Vectors
   Definitions
      At line 4 in file transfer.s
   Uses
      At line 2 in file transfer.s
Comment: __Vectors used once
2 symbols



ARM Macro Assembler    Page 1 Alphabetic symbol ordering
Relocatable symbols

Reset_Handler 00000000

Symbol: Reset_Handler
   Definitions
      At line 13 in file transfer.s
   Uses
      At line 7 in file transfer.s
      At line 11 in file transfer.s

SRC 00000018

Symbol: SRC
   Definitions
      At line 29 in file transfer.s
   Uses
      At line 15 in file transfer.s
Comment: SRC used once
STOP 00000014

Symbol: STOP
   Definitions
      At line 23 in file transfer.s
   Uses
      At line 24 in file transfer.s
Comment: STOP used once
UP 00000008

Symbol: UP
   Definitions
      At line 19 in file transfer.s
   Uses
      At line 22 in file transfer.s
Comment: UP used once
mycode 00000000

Symbol: mycode
   Definitions
      At line 9 in file transfer.s
   Uses
      None
Comment: mycode unused
5 symbols



ARM Macro Assembler    Page 1 Alphabetic symbol ordering
Relocatable symbols

DST 00000000

Symbol: DST
   Definitions
      At line 32 in file transfer.s
   Uses
      At line 16 in file transfer.s
Comment: DST used once
nums 00000000

Symbol: nums
   Definitions
      At line 30 in file transfer.s
   Uses
      None
Comment: nums unused
2 symbols



ARM Macro Assembler    Page 1 Alphabetic symbol ordering
Absolute symbols

N 0000000A

Symbol: N
   Definitions
      At line 27 in file transfer.s
   Uses
      At line 17 in file transfer.s
Comment: N used once
1 symbol
343 symbols in table
