#! /usr/bin/vvp
:ivl_version "12.0 (stable)" "(v12_0-dirty)";
:ivl_delay_selection "TYPICAL";
:vpi_time_precision + 0;
:vpi_module "/usr/lib/ivl/system.vpi";
:vpi_module "/usr/lib/ivl/vhdl_sys.vpi";
:vpi_module "/usr/lib/ivl/vhdl_textio.vpi";
:vpi_module "/usr/lib/ivl/v2005_math.vpi";
:vpi_module "/usr/lib/ivl/va_math.vpi";
S_0x5610ee829420 .scope module, "srff" "srff" 2 1;
 .timescale 0 0;
    .port_info 0 /INPUT 1 "s";
    .port_info 1 /INPUT 1 "r";
    .port_info 2 /INPUT 1 "clk";
    .port_info 3 /INPUT 1 "rst";
    .port_info 4 /OUTPUT 1 "q";
o0x7fee6d900018 .functor BUFZ 1, C4<z>; HiZ drive
v0x5610ee8046d0_0 .net "clk", 0 0, o0x7fee6d900018;  0 drivers
v0x5610ee804f20_0 .var "q", 0 0;
o0x7fee6d900078 .functor BUFZ 1, C4<z>; HiZ drive
v0x5610ee84b2d0_0 .net "r", 0 0, o0x7fee6d900078;  0 drivers
o0x7fee6d9000a8 .functor BUFZ 1, C4<z>; HiZ drive
v0x5610ee84b3a0_0 .net "rst", 0 0, o0x7fee6d9000a8;  0 drivers
o0x7fee6d9000d8 .functor BUFZ 1, C4<z>; HiZ drive
v0x5610ee84b460_0 .net "s", 0 0, o0x7fee6d9000d8;  0 drivers
E_0x5610ee83bbd0 .event negedge, v0x5610ee8046d0_0;
    .scope S_0x5610ee829420;
T_0 ;
    %wait E_0x5610ee83bbd0;
    %load/vec4 v0x5610ee84b3a0_0;
    %nor/r;
    %flag_set/vec4 8;
    %jmp/0xz  T_0.0, 8;
    %pushi/vec4 0, 0, 1;
    %assign/vec4 v0x5610ee804f20_0, 0;
    %jmp T_0.1;
T_0.0 ;
    %load/vec4 v0x5610ee84b460_0;
    %load/vec4 v0x5610ee84b2d0_0;
    %concat/vec4; draw_concat_vec4
    %dup/vec4;
    %pushi/vec4 0, 0, 2;
    %cmp/u;
    %jmp/1 T_0.2, 6;
    %dup/vec4;
    %pushi/vec4 1, 0, 2;
    %cmp/u;
    %jmp/1 T_0.3, 6;
    %dup/vec4;
    %pushi/vec4 2, 0, 2;
    %cmp/u;
    %jmp/1 T_0.4, 6;
    %dup/vec4;
    %pushi/vec4 3, 0, 2;
    %cmp/u;
    %jmp/1 T_0.5, 6;
    %jmp T_0.6;
T_0.2 ;
    %load/vec4 v0x5610ee804f20_0;
    %assign/vec4 v0x5610ee804f20_0, 0;
    %jmp T_0.6;
T_0.3 ;
    %pushi/vec4 0, 0, 1;
    %assign/vec4 v0x5610ee804f20_0, 0;
    %jmp T_0.6;
T_0.4 ;
    %pushi/vec4 1, 0, 1;
    %assign/vec4 v0x5610ee804f20_0, 0;
    %jmp T_0.6;
T_0.5 ;
    %pushi/vec4 1, 1, 1;
    %assign/vec4 v0x5610ee804f20_0, 0;
    %jmp T_0.6;
T_0.6 ;
    %pop/vec4 1;
T_0.1 ;
    %jmp T_0;
    .thread T_0;
# The file index is used to find the file name in the following table.
:file_names 3;
    "N/A";
    "<interactive>";
    "srff.v";
