


ARM Macro Assembler    Page 1 


    1 00000000                 area             reset, data, readonly
    2 00000000                 export           __Vectors
    3 00000000         
    4 00000000        0 
                       num     rn               r0
    5 00000000        1 
                       fact    rn               r1
    6 00000000         
    7 00000000         __Vectors
    8 00000000 10001000        dcd              0x10001000
    9 00000004 00000000        dcd              Reset_Handler
   10 00000008                 align
   11 00000008                 area             program, code, readonly
   12 00000000                 entry
   13 00000000                 export           Reset_Handler
   14 00000000         
   15 00000000         
   16 00000000         Reset_Handler
   17 00000000 F04F 000A       mov              num, #0x0a
   18 00000004 F04F 0101       mov              fact, #0x01
   19 00000008 F000 F801       bl               factorial
   20 0000000C         stop
   21 0000000C E7FE            b                stop
   22 0000000E         
   23 0000000E         factorial
   24 0000000E 2801            cmp              num, #0x01
   25 00000010 D005            beq              return
   26 00000012 FB01 F100       mul              fact, fact, num
   27 00000016 F1A0 0001       sub              num, #0x01
   28 0000001A F7FF FFF8       bl               factorial
   29 0000001E         return
   30 0000001E 4770            bx               lr
   31 00000020                 end
Command Line: --debug --xref --cpu=Cortex-M3 --apcs=interwork --depend=.\factor
io.d -o.\factorio.o -IC:\Keil\ARM\RV31\INC -IC:\Keil\ARM\CMSIS\Include -IC:\Kei
l\ARM\Inc\NXP\LPC17xx --predefine="__EVAL SETA 1" --list=.\factorio.lst factori
o.s



ARM Macro Assembler    Page 1 Alphabetic symbol ordering
Relocatable symbols

__Vectors 00000000

Symbol: __Vectors
   Definitions
      At line 7 in file factorio.s
   Uses
      At line 2 in file factorio.s
Comment: __Vectors used once
reset 00000000

Symbol: reset
   Definitions
      At line 1 in file factorio.s
   Uses
      None
Comment: reset unused
2 symbols



ARM Macro Assembler    Page 1 Alphabetic symbol ordering
Relocatable symbols

Reset_Handler 00000000

Symbol: Reset_Handler
   Definitions
      At line 16 in file factorio.s
   Uses
      At line 9 in file factorio.s
      At line 13 in file factorio.s

factorial 0000000E

Symbol: factorial
   Definitions
      At line 23 in file factorio.s
   Uses
      At line 19 in file factorio.s
      At line 28 in file factorio.s

program 00000000

Symbol: program
   Definitions
      At line 11 in file factorio.s
   Uses
      None
Comment: program unused
return 0000001E

Symbol: return
   Definitions
      At line 29 in file factorio.s
   Uses
      At line 25 in file factorio.s
Comment: return used once
stop 0000000C

Symbol: stop
   Definitions
      At line 20 in file factorio.s
   Uses
      At line 21 in file factorio.s
Comment: stop used once
5 symbols
340 symbols in table
