


ARM Macro Assembler    Page 1 


    1 00000000                 AREA             reset, data, readonly
    2 00000000                 export           __Vectors
    3 00000000         __Vectors
    4 00000000 10001000        dcd              0x10001000
    5 00000004 00000000        dcd              Reset_Handler
    6 00000008                 align
    7 00000008                 area             mycode, code, readonly
    8 00000000                 entry
    9 00000000                 export           Reset_Handler
   10 00000000         Reset_Handler
   11 00000000        0 
                       N       RN               R0
   12 00000000 490D            LDR              R1,=SRC
   13 00000002 4A0E            LDR              R2,=DST
   14 00000004 F04F 0004       MOV              N,#4
   15 00000008 F000 F801       BL               COMP
   16 0000000C E7FE    STOP    B                STOP
   17 0000000E         
   18 0000000E F8D1 C000 
                       COMP    LDR              R12,[R1]
   19 00000012 F1CC 0A00       RSB              R10,R12,#0
   20 00000016 F8C2 A000       STR              R10,[R2]
   21 0000001A F101 0104       ADD              R1,R1,#4
   22 0000001E F102 0204       ADD              R2,R2,#4
   23 00000022 1E40            SUBS             N,N,#1
   24 00000024 D1F3            BNE              COMP
   25 00000026 4770            BX               LR
   26 00000028         
   27 00000028 0000000A 
              0000000C 
              0000000E 
              00000005 SRC     DCD              10,12,14,5
   28 00000038 00000000 
              00000000         AREA             MYDATA,DATA,READWRITE
   29 00000000 00000000 
                       DST     DCD              0
   30 00000004         
   31 00000004                 END
Command Line: --debug --xref --cpu=Cortex-M3 --apcs=interwork --depend=.\q.d -o
.\q.o -IC:\Keil\ARM\RV31\INC -IC:\Keil\ARM\CMSIS\Include -IC:\Keil\ARM\Inc\NXP\
LPC17xx --predefine="__EVAL SETA 1" --list=.\q.lst C:\Users\Student.PRG-10.001\
Desktop\q.s



ARM Macro Assembler    Page 1 Alphabetic symbol ordering
Relocatable symbols

__Vectors 00000000

Symbol: __Vectors
   Definitions
      At line 3 in file C:\Users\Student.PRG-10.001\Desktop\q.s
   Uses
      At line 2 in file C:\Users\Student.PRG-10.001\Desktop\q.s
Comment: __Vectors used once
reset 00000000

Symbol: reset
   Definitions
      At line 1 in file C:\Users\Student.PRG-10.001\Desktop\q.s
   Uses
      None
Comment: reset unused
2 symbols



ARM Macro Assembler    Page 1 Alphabetic symbol ordering
Relocatable symbols

COMP 0000000E

Symbol: COMP
   Definitions
      At line 18 in file C:\Users\Student.PRG-10.001\Desktop\q.s
   Uses
      At line 15 in file C:\Users\Student.PRG-10.001\Desktop\q.s
      At line 24 in file C:\Users\Student.PRG-10.001\Desktop\q.s

Reset_Handler 00000000

Symbol: Reset_Handler
   Definitions
      At line 10 in file C:\Users\Student.PRG-10.001\Desktop\q.s
   Uses
      At line 5 in file C:\Users\Student.PRG-10.001\Desktop\q.s
      At line 9 in file C:\Users\Student.PRG-10.001\Desktop\q.s

SRC 00000028

Symbol: SRC
   Definitions
      At line 27 in file C:\Users\Student.PRG-10.001\Desktop\q.s
   Uses
      At line 12 in file C:\Users\Student.PRG-10.001\Desktop\q.s
Comment: SRC used once
STOP 0000000C

Symbol: STOP
   Definitions
      At line 16 in file C:\Users\Student.PRG-10.001\Desktop\q.s
   Uses
      At line 16 in file C:\Users\Student.PRG-10.001\Desktop\q.s
Comment: STOP used once
mycode 00000000

Symbol: mycode
   Definitions
      At line 7 in file C:\Users\Student.PRG-10.001\Desktop\q.s
   Uses
      None
Comment: mycode unused
5 symbols



ARM Macro Assembler    Page 1 Alphabetic symbol ordering
Relocatable symbols

DST 00000000

Symbol: DST
   Definitions
      At line 29 in file C:\Users\Student.PRG-10.001\Desktop\q.s
   Uses
      At line 13 in file C:\Users\Student.PRG-10.001\Desktop\q.s
Comment: DST used once
MYDATA 00000000

Symbol: MYDATA
   Definitions
      At line 28 in file C:\Users\Student.PRG-10.001\Desktop\q.s
   Uses
      None
Comment: MYDATA unused
2 symbols
343 symbols in table
